0 silly argv {
0 silly argv   _: [ 'run' ],
0 silly argv   lernaVersion: '8.2.2',
0 silly argv   '$0': '../../../.local/share/pnpm/global/5/.pnpm/lerna@8.2.2_encoding@0.1.13/node_modules/lerna/dist/cli.js',
0 silly argv   script: 'build'
0 silly argv }
1 notice cli v8.2.2
2 verbose packageConfigs Explicit "packages" configuration found in lerna.json. Resolving packages using the configured glob(s): ["packages/*","apps/*"]
3 verbose rootPath /home/jintao/Documents/berachain/guides
4 error MultipleProjectsWithSameNameError: The following projects are defined in multiple locations:
4 error   - particle-avalanche-auth-core-demo:
4 error     - apps/particle-auth-core-vite
4 error     - apps/particle-avalanche-auth-core-demo
4 error   - weth-berachain-envio-test:
4 error     - apps/envio-indexer-erc20
4 error     - apps/weth-berachain-envio-test
4 error
4 error   To fix this, set a unique name for each project in a project.json inside the project's root. If the project does not currently have a project.json, you can create one that contains only a name.
4 error       at validateAndNormalizeProjectRootMap (/home/jintao/.local/share/pnpm/global/5/.pnpm/nx@20.8.2/node_modules/nx/src/project-graph/utils/project-configuration-utils.js:467:15)
4 error       at mergeCreateNodesResults (/home/jintao/.local/share/pnpm/global/5/.pnpm/nx@20.8.2/node_modules/nx/src/project-graph/utils/project-configuration-utils.js:353:9)
4 error       at /home/jintao/.local/share/pnpm/global/5/.pnpm/nx@20.8.2/node_modules/nx/src/project-graph/utils/project-configuration-utils.js:297:85
4 error       at process.processTicksAndRejections (node:internal/process/task_queues:105:5)
4 error       at async buildProjectGraphAndSourceMapsWithoutDaemon (/home/jintao/.local/share/pnpm/global/5/.pnpm/nx@20.8.2/node_modules/nx/src/project-graph/project-graph.js:87:31)
4 error       at async createProjectGraphAndSourceMapsAsync (/home/jintao/.local/share/pnpm/global/5/.pnpm/nx@20.8.2/node_modules/nx/src/project-graph/project-graph.js:271:25)
4 error       at async createProjectGraphAsync (/home/jintao/.local/share/pnpm/global/5/.pnpm/nx@20.8.2/node_modules/nx/src/project-graph/project-graph.js:219:39)
4 error       at async detectProjects (/home/jintao/.local/share/pnpm/global/5/.pnpm/lerna@8.2.2_encoding@0.1.13/node_modules/lerna/dist/index.js:3003:25)
